d:\je\je\debug\vc140.pdb
d:\je\je\debug\vc140.idb
d:\je\je\debug\gametimer.obj
d:\je\je\debug\imageloader.obj
d:\je\je\debug\lighthelper.obj
d:\je\je\debug\mathhelper.obj
d:\je\je\debug\tiny_obj_loader.obj
d:\je\je\debug\cfbx.obj
d:\je\je\debug\d3dxglobal.obj
d:\je\je\debug\effectapi.obj
d:\je\je\debug\effectload.obj
d:\je\je\debug\effectnonruntime.obj
d:\je\je\debug\effectreflection.obj
d:\je\je\debug\effectruntime.obj
d:\je\je\debug\render.obj
d:\je\je\debug\d3dutil.obj
d:\je\je\debug\renderstates.obj
d:\je\je\debug\rendertexture.obj
d:\je\je\debug\texture.obj
d:\je\je\debug\effects.obj
d:\je\je\debug\geometry.obj
d:\je\je\debug\d3dapp.obj
d:\je\je\debug\geometrygenerator.obj
d:\je\je\debug\object.obj
d:\je\je\debug\debugwindow.obj
d:\je\je\debug\shaderstructure.obj
d:\je\je\debug\actor.obj
d:\je\je\debug\camera.obj
d:\je\je\debug\lightactor.obj
d:\je\je\debug\bloom.obj
d:\je\je\debug\gizmo.obj
d:\je\je\debug\directionallightactor.obj
d:\je\je\debug\reflectionactor.obj
d:\je\je\debug\winmain.obj
d:\je\debug\basicmaterial.cso
d:\je\debug\bloom.cso
d:\je\debug\boundingbox.cso
d:\je\debug\brdf.cso
d:\je\debug\common.cso
d:\je\debug\debugwindow.cso
d:\je\debug\gizmo.cso
d:\je\debug\lighting.cso
d:\je\debug\outline.cso
d:\je\debug\reflectionactor.cso
d:\je\debug\scene.cso
d:\je\debug\shadowmap.cso
d:\je\debug\skybox.cso
d:\je\debug\uisprite.cso
d:\je\je\debug\je.res
d:\je\debug\je.pdb
d:\je\je\debug\je.tlog\cl.command.1.tlog
d:\je\je\debug\je.tlog\cl.read.1.tlog
d:\je\je\debug\je.tlog\cl.write.1.tlog
d:\je\je\debug\je.tlog\fxc.command.1.tlog
d:\je\je\debug\je.tlog\fxc.read.1.tlog
d:\je\je\debug\je.tlog\fxc.write.1.tlog
d:\je\je\debug\je.tlog\je.write.1u.tlog
d:\je\je\debug\je.tlog\link-cvtres.read.1.tlog
d:\je\je\debug\je.tlog\link-cvtres.write.1.tlog
d:\je\je\debug\je.tlog\link-rc.read.1.tlog
d:\je\je\debug\je.tlog\link-rc.write.1.tlog
d:\je\je\debug\je.tlog\link.command.1.tlog
d:\je\je\debug\je.tlog\link.read.1.tlog
d:\je\je\debug\je.tlog\link.write.1.tlog
d:\je\je\debug\je.tlog\rc.command.1.tlog
d:\je\je\debug\je.tlog\rc.read.1.tlog
d:\je\je\debug\je.tlog\rc.write.1.tlog
